<?xml version="1.0" encoding="UTF-8"?>
<!-- Generated by org.testng.reporters.JUnitXMLReporter -->
<testsuite ignored="0" hostname="SSI-WAFZAL-LLP" failures="0" tests="4" name="Surefire test" time="1.191" errors="0" timestamp="2024-09-07T23:54:09 PKT">
  <testcase classname="dataprovider.dataProvider" name="testCaseData" time="0.006"/>
  <testcase classname="dataprovider.dataProvider" name="testCaseData" time="0.001"/>
  <testcase classname="dataprovider.dataProvider" name="testCaseData" time="0.001"/>
  <testcase classname="dataprovider.dataProvider" name="testCaseData" time="0.0"/>
</testsuite> <!-- Surefire test -->
