<?xml version="1.0" encoding="UTF-8"?>
<testsuite xmlns:xsi="http://www.w3.org/2001/XMLSchema-instance" xsi:noNamespaceSchemaLocation="https://maven.apache.org/surefire/maven-surefire-plugin/xsd/surefire-test-report-3.0.xsd" version="3.0" name="dataprovider.dataProvider" time="1.925" tests="4" errors="0" skipped="0" failures="0">
  <properties>
[...]
</properties>
  <testcase name="testCaseData[Waqar, Afzal, 371](1)" classname="dataprovider.dataProvider" time="0.007">
    <system-out><![CDATA[2024-09-07T18:54:07.728441200Z main ERROR Log4j2 could not find a logging implementation. Please add log4j-core to the classpath. Using SimpleLogger to log to the console...
First Name = Waqar Last Name = Afzal and ID is 371
]]></system-out>
    <system-err><![CDATA[SLF4J: Failed to load class "org.slf4j.impl.StaticLoggerBinder".
SLF4J: Defaulting to no-operation (NOP) logger implementation
SLF4J: See http://www.slf4j.org/codes.html#StaticLoggerBinder for further details.
]]></system-err>
  </testcase>
  <testcase name="testCaseData[Waqas, Afzal, 372](2)" classname="dataprovider.dataProvider" time="0.003">
    <system-out><![CDATA[First Name = Waqas Last Name = Afzal and ID is 372
]]></system-out>
  </testcase>
  <testcase name="testCaseData[Ammar, Afzal, 373](3)" classname="dataprovider.dataProvider" time="0.002">
    <system-out><![CDATA[First Name = Ammar Last Name = Afzal and ID is 373
]]></system-out>
  </testcase>
  <testcase name="testCaseData[Ibrar, Afzal, 374](4)" classname="dataprovider.dataProvider" time="0.002">
    <system-out><![CDATA[First Name = Ibrar Last Name = Afzal and ID is 374
]]></system-out>
  </testcase>
</testsuite>