<?xml version="1.0" encoding="UTF-8"?>
<testng-results ignored="0" total="4" passed="4" failed="0" skipped="0">
  <reporter-output>
  </reporter-output>
  <suite started-at="2024-09-07T23:54:07 PKT" name="Surefire suite" finished-at="2024-09-07T23:54:09 PKT" duration-ms="1191">
    <groups>
    </groups>
    <test started-at="2024-09-07T23:54:07 PKT" name="Surefire test" finished-at="2024-09-07T23:54:09 PKT" duration-ms="1191">
      <class name="dataprovider.dataProvider">
        <test-method signature="testCaseData(java.lang.String,java.lang.String,java.lang.String)[pri:0, instance:dataprovider.dataProvider@158d2680]" started-at="2024-09-07T23:54:08 PKT" name="testCaseData" data-provider="driveTest" finished-at="2024-09-07T23:54:09 PKT" duration-ms="6" status="PASS">
          <params>
            <param index="0">
              <value>
                <![CDATA[Waqar]]>
              </value>
            </param>
            <param index="1">
              <value>
                <![CDATA[Afzal]]>
              </value>
            </param>
            <param index="2">
              <value>
                <![CDATA[371]]>
              </value>
            </param>
          </params>
          <reporter-output>
          </reporter-output>
        </test-method> <!-- testCaseData -->
        <test-method signature="testCaseData(java.lang.String,java.lang.String,java.lang.String)[pri:0, instance:dataprovider.dataProvider@158d2680]" started-at="2024-09-07T23:54:09 PKT" name="testCaseData" data-provider="driveTest" finished-at="2024-09-07T23:54:09 PKT" duration-ms="1" status="PASS">
          <params>
            <param index="0">
              <value>
                <![CDATA[Waqas]]>
              </value>
            </param>
            <param index="1">
              <value>
                <![CDATA[Afzal]]>
              </value>
            </param>
            <param index="2">
              <value>
                <![CDATA[372]]>
              </value>
            </param>
          </params>
          <reporter-output>
          </reporter-output>
        </test-method> <!-- testCaseData -->
        <test-method signature="testCaseData(java.lang.String,java.lang.String,java.lang.String)[pri:0, instance:dataprovider.dataProvider@158d2680]" started-at="2024-09-07T23:54:09 PKT" name="testCaseData" data-provider="driveTest" finished-at="2024-09-07T23:54:09 PKT" duration-ms="1" status="PASS">
          <params>
            <param index="0">
              <value>
                <![CDATA[Ammar]]>
              </value>
            </param>
            <param index="1">
              <value>
                <![CDATA[Afzal]]>
              </value>
            </param>
            <param index="2">
              <value>
                <![CDATA[373]]>
              </value>
            </param>
          </params>
          <reporter-output>
          </reporter-output>
        </test-method> <!-- testCaseData -->
        <test-method signature="testCaseData(java.lang.String,java.lang.String,java.lang.String)[pri:0, instance:dataprovider.dataProvider@158d2680]" started-at="2024-09-07T23:54:09 PKT" name="testCaseData" data-provider="driveTest" finished-at="2024-09-07T23:54:09 PKT" duration-ms="0" status="PASS">
          <params>
            <param index="0">
              <value>
                <![CDATA[Ibrar]]>
              </value>
            </param>
            <param index="1">
              <value>
                <![CDATA[Afzal]]>
              </value>
            </param>
            <param index="2">
              <value>
                <![CDATA[374]]>
              </value>
            </param>
          </params>
          <reporter-output>
          </reporter-output>
        </test-method> <!-- testCaseData -->
      </class> <!-- dataprovider.dataProvider -->
    </test> <!-- Surefire test -->
  </suite> <!-- Surefire suite -->
</testng-results>
